hajj_app/app/build/intermediates/manifest_merge_blame_file/release/manifest-merger-blame-release-report.txt
1<?xml version="1.0" encoding="utf-8"?>
2<manifest xmlns:android="http://schemas.android.com/apk/res/android"
3    package="com.muslim.hajjrules"
4    android:versionCode="1"
5    android:versionName="1.0" >
6
7    <uses-sdk
8        android:minSdkVersion="21"
9        android:targetSdkVersion="34" />
10
11    <uses-permission android:name="android.permission.INTERNET" />
11-->src/main/AndroidManifest.xml:5:5-67
11-->src/main/AndroidManifest.xml:5:22-64
12    <uses-permission android:name="android.permission.ACCESS_FINE_LOCATION" />
12-->src/main/AndroidManifest.xml:6:5-79
12-->src/main/AndroidManifest.xml:6:22-76
13    <uses-permission android:name="android.permission.ACCESS_COARSE_LOCATION" />
13-->src/main/AndroidManifest.xml:7:5-81
13-->src/main/AndroidManifest.xml:7:22-78
14    <uses-permission android:name="android.permission.WRITE_EXTERNAL_STORAGE" />
14-->src/main/AndroidManifest.xml:8:5-81
14-->src/main/AndroidManifest.xml:8:22-78
15    <uses-permission android:name="android.permission.ACCESS_NETWORK_STATE" />
15-->src/main/AndroidManifest.xml:9:5-79
15-->src/main/AndroidManifest.xml:9:22-76
16
17    <supports-screens
17-->[org.osmdroid:osmdroid-android:6.1.20] AndroidManifest.xml:9:5-12:40
18        android:anyDensity="true"
18-->[org.osmdroid:osmdroid-android:6.1.20] AndroidManifest.xml:10:9-34
19        android:largeScreens="true"
19-->[org.osmdroid:osmdroid-android:6.1.20] AndroidManifest.xml:11:9-36
20        android:normalScreens="true" />
20-->[org.osmdroid:osmdroid-android:6.1.20] AndroidManifest.xml:12:9-37
21
22    <uses-feature
22-->[org.osmdroid:osmdroid-android:6.1.20] AndroidManifest.xml:14:5-16:36
23        android:name="android.hardware.location.network"
23-->[org.osmdroid:osmdroid-android:6.1.20] AndroidManifest.xml:15:9-57
24        android:required="false" />
24-->[org.osmdroid:osmdroid-android:6.1.20] AndroidManifest.xml:16:9-33
25    <uses-feature
25-->[org.osmdroid:osmdroid-android:6.1.20] AndroidManifest.xml:17:5-19:36
26        android:name="android.hardware.location.gps"
26-->[org.osmdroid:osmdroid-android:6.1.20] AndroidManifest.xml:18:9-53
27        android:required="false" />
27-->[org.osmdroid:osmdroid-android:6.1.20] AndroidManifest.xml:19:9-33
28    <uses-feature
28-->[org.osmdroid:osmdroid-android:6.1.20] AndroidManifest.xml:20:5-22:36
29        android:name="android.hardware.telephony"
29-->[org.osmdroid:osmdroid-android:6.1.20] AndroidManifest.xml:21:9-50
30        android:required="false" />
30-->[org.osmdroid:osmdroid-android:6.1.20] AndroidManifest.xml:22:9-33
31    <uses-feature
31-->[org.osmdroid:osmdroid-android:6.1.20] AndroidManifest.xml:23:5-25:36
32        android:name="android.hardware.wifi"
32-->[org.osmdroid:osmdroid-android:6.1.20] AndroidManifest.xml:24:9-45
33        android:required="false" />
33-->[org.osmdroid:osmdroid-android:6.1.20] AndroidManifest.xml:25:9-33
34
35    <permission
35-->[androidx.core:core:1.13.0] AndroidManifest.xml:22:5-24:47
36        android:name="com.muslim.hajjrules.DYNAMIC_RECEIVER_NOT_EXPORTED_PERMISSION"
36-->[androidx.core:core:1.13.0] AndroidManifest.xml:23:9-81
37        android:protectionLevel="signature" />
37-->[androidx.core:core:1.13.0] AndroidManifest.xml:24:9-44
38
39    <uses-permission android:name="com.muslim.hajjrules.DYNAMIC_RECEIVER_NOT_EXPORTED_PERMISSION" />
39-->[androidx.core:core:1.13.0] AndroidManifest.xml:26:5-97
39-->[androidx.core:core:1.13.0] AndroidManifest.xml:26:22-94
40
41    <application
41-->src/main/AndroidManifest.xml:11:5-35:19
42        android:allowBackup="true"
42-->src/main/AndroidManifest.xml:12:9-35
43        android:appComponentFactory="androidx.core.app.CoreComponentFactory"
43-->[androidx.core:core:1.13.0] AndroidManifest.xml:28:18-86
44        android:extractNativeLibs="true"
45        android:icon="@drawable/hajj_kaaba_1"
45-->src/main/AndroidManifest.xml:13:9-46
46        android:label="@string/app_name"
46-->src/main/AndroidManifest.xml:14:9-41
47        android:roundIcon="@drawable/hajj_kaaba_1"
47-->src/main/AndroidManifest.xml:15:9-51
48        android:supportsRtl="true"
48-->src/main/AndroidManifest.xml:16:9-35
49        android:theme="@style/Theme.HajjApp" >
49-->src/main/AndroidManifest.xml:17:9-45
50        <activity
50-->src/main/AndroidManifest.xml:18:9-25:20
51            android:name="com.muslim.hajjrules.SplashActivity"
51-->src/main/AndroidManifest.xml:19:13-43
52            android:exported="true" >
52-->src/main/AndroidManifest.xml:20:13-36
53            <intent-filter>
53-->src/main/AndroidManifest.xml:21:13-24:29
54                <action android:name="android.intent.action.MAIN" />
54-->src/main/AndroidManifest.xml:22:17-69
54-->src/main/AndroidManifest.xml:22:25-66
55
56                <category android:name="android.intent.category.LAUNCHER" />
56-->src/main/AndroidManifest.xml:23:17-77
56-->src/main/AndroidManifest.xml:23:27-74
57            </intent-filter>
58        </activity>
59        <activity
59-->src/main/AndroidManifest.xml:27:9-29:39
60            android:name="com.muslim.hajjrules.MainActivity"
60-->src/main/AndroidManifest.xml:28:13-41
61            android:exported="true" />
61-->src/main/AndroidManifest.xml:29:13-36
62        <activity
62-->src/main/AndroidManifest.xml:31:9-34:39
63            android:name="com.muslim.hajjrules.DetailActivity"
63-->src/main/AndroidManifest.xml:32:13-43
64            android:exported="true"
64-->src/main/AndroidManifest.xml:34:13-36
65            android:parentActivityName="com.muslim.hajjrules.MainActivity" />
65-->src/main/AndroidManifest.xml:33:13-55
66
67        <provider
67-->[androidx.emoji2:emoji2:1.3.0] AndroidManifest.xml:24:9-32:20
68            android:name="androidx.startup.InitializationProvider"
68-->[androidx.emoji2:emoji2:1.3.0] AndroidManifest.xml:25:13-67
69            android:authorities="com.muslim.hajjrules.androidx-startup"
69-->[androidx.emoji2:emoji2:1.3.0] AndroidManifest.xml:26:13-68
70            android:exported="false" >
70-->[androidx.emoji2:emoji2:1.3.0] AndroidManifest.xml:27:13-37
71            <meta-data
71-->[androidx.emoji2:emoji2:1.3.0] AndroidManifest.xml:29:13-31:52
72                android:name="androidx.emoji2.text.EmojiCompatInitializer"
72-->[androidx.emoji2:emoji2:1.3.0] AndroidManifest.xml:30:17-75
73                android:value="androidx.startup" />
73-->[androidx.emoji2:emoji2:1.3.0] AndroidManifest.xml:31:17-49
74            <meta-data
74-->[androidx.lifecycle:lifecycle-process:2.6.2] AndroidManifest.xml:29:13-31:52
75                android:name="androidx.lifecycle.ProcessLifecycleInitializer"
75-->[androidx.lifecycle:lifecycle-process:2.6.2] AndroidManifest.xml:30:17-78
76                android:value="androidx.startup" />
76-->[androidx.lifecycle:lifecycle-process:2.6.2] AndroidManifest.xml:31:17-49
77            <meta-data
77-->[androidx.profileinstaller:profileinstaller:1.4.0] AndroidManifest.xml:29:13-31:52
78                android:name="androidx.profileinstaller.ProfileInstallerInitializer"
78-->[androidx.profileinstaller:profileinstaller:1.4.0] AndroidManifest.xml:30:17-85
79                android:value="androidx.startup" />
79-->[androidx.profileinstaller:profileinstaller:1.4.0] AndroidManifest.xml:31:17-49
80        </provider>
81
82        <receiver
82-->[androidx.profileinstaller:profileinstaller:1.4.0] AndroidManifest.xml:34:9-52:20
83            android:name="androidx.profileinstaller.ProfileInstallReceiver"
83-->[androidx.profileinstaller:profileinstaller:1.4.0] AndroidManifest.xml:35:13-76
84            android:directBootAware="false"
84-->[androidx.profileinstaller:profileinstaller:1.4.0] AndroidManifest.xml:36:13-44
85            android:enabled="true"
85-->[androidx.profileinstaller:profileinstaller:1.4.0] AndroidManifest.xml:37:13-35
86            android:exported="true"
86-->[androidx.profileinstaller:profileinstaller:1.4.0] AndroidManifest.xml:38:13-36
87            android:permission="android.permission.DUMP" >
87-->[androidx.profileinstaller:profileinstaller:1.4.0] AndroidManifest.xml:39:13-57
88            <intent-filter>
88-->[androidx.profileinstaller:profileinstaller:1.4.0] AndroidManifest.xml:40:13-42:29
89                <action android:name="androidx.profileinstaller.action.INSTALL_PROFILE" />
89-->[androidx.profileinstaller:profileinstaller:1.4.0] AndroidManifest.xml:41:17-91
89-->[androidx.profileinstaller:profileinstaller:1.4.0] AndroidManifest.xml:41:25-88
90            </intent-filter>
91            <intent-filter>
91-->[androidx.profileinstaller:profileinstaller:1.4.0] AndroidManifest.xml:43:13-45:29
92                <action android:name="androidx.profileinstaller.action.SKIP_FILE" />
92-->[androidx.profileinstaller:profileinstaller:1.4.0] AndroidManifest.xml:44:17-85
92-->[androidx.profileinstaller:profileinstaller:1.4.0] AndroidManifest.xml:44:25-82
93            </intent-filter>
94            <intent-filter>
94-->[androidx.profileinstaller:profileinstaller:1.4.0] AndroidManifest.xml:46:13-48:29
95                <action android:name="androidx.profileinstaller.action.SAVE_PROFILE" />
95-->[androidx.profileinstaller:profileinstaller:1.4.0] AndroidManifest.xml:47:17-88
95-->[androidx.profileinstaller:profileinstaller:1.4.0] AndroidManifest.xml:47:25-85
96            </intent-filter>
97            <intent-filter>
97-->[androidx.profileinstaller:profileinstaller:1.4.0] AndroidManifest.xml:49:13-51:29
98                <action android:name="androidx.profileinstaller.action.BENCHMARK_OPERATION" />
98-->[androidx.profileinstaller:profileinstaller:1.4.0] AndroidManifest.xml:50:17-95
98-->[androidx.profileinstaller:profileinstaller:1.4.0] AndroidManifest.xml:50:25-92
99            </intent-filter>
100        </receiver>
101    </application>
102
103</manifest>